[info] [2024-08-08 11:59:13] : ✔ Directory created at /Users/visali-20043/Documents/release_items/zdk_cli_sample_repos/cli-samples
[info] [2024-08-08 11:59:25] : Visit this URL on this device to log in:
[info] [2024-08-08 11:59:25] : https://accounts.zoho.com/oauth/v2/auth?client_id=1000.LMRA1NN5WIP5WAUPTZ02S3M6QOE9EB&scope=AaaServer.profile.READ%20ZohoCRM.settings.ALL%20ZohoCRM.org.READ%20ZohoCRM.users.ALL%20ZohoCRM.zdk.push.READ%20ZohoCRM.zdk.push.CREATE%20ZohoCRM.zdk.pull.READ%20ZohoCRM.zdk.init.READ%20ZohoCRM.zdk.init.CREATE&response_type=code&access_type=offline&prompt=consent&redirect_uri=http%3A%2F%2Flocalhost%3A9005
[info] [2024-08-08 11:59:25] : 
[info] [2024-08-08 11:59:25] : 
[debug] [2024-08-08 11:59:31] : DCType Of the user is us
[debug] [2024-08-08 11:59:31] : >>>> HTTP REQUEST : POST https://accounts.zoho.com/oauth/v2/token 
<request query param omitted>

[debug] [2024-08-08 11:59:32] : <<<< HTTP RESPONSE : 200
Response Headers{"server":"ZGS","date":"Thu, 08 Aug 2024 06:29:32 GMT","content-type":"application/json;charset=UTF-8","content-length":"461","connection":"close","set-cookie":["zalb_b266a5bf57=9f371135a524e2d1f51eb9f41fa26c60; Path=/","iamcsr=ea74d57d-bfc8-4a95-99fa-789df5082a25;path=/;SameSite=None;Secure;priority=high","_zcsr_tmp=ea74d57d-bfc8-4a95-99fa-789df5082a25;path=/;SameSite=Strict;Secure;priority=high"],"cache-control":"no-store","x-content-type-options":"nosniff","pragma":"no-cache","x-frame-options":"SAMEORIGIN","content-language":"en-US","strict-transport-security":"max-age=63072000"}

[debug] [2024-08-08 11:59:32] : Fetched tokens successfully
[debug] [2024-08-08 11:59:32] : >>>> HTTP REQUEST : GET https://accounts.zoho.com/oauth/user/info 

[debug] [2024-08-08 11:59:33] : <<<< HTTP RESPONSE : 200
Response Headers{"server":"ZGS","date":"Thu, 08 Aug 2024 06:29:32 GMT","content-type":"application/json;charset=UTF-8","content-length":"115","connection":"close","set-cookie":["zalb_b266a5bf57=a711b6da0e6cbadb5e254290f114a026; Path=/","iamcsr=86f762c4-c42f-49e6-8961-10899b3d98d9;path=/;SameSite=None;Secure;priority=high","_zcsr_tmp=86f762c4-c42f-49e6-8961-10899b3d98d9;path=/;SameSite=Strict;Secure;priority=high"],"x-content-type-options":"nosniff","cache-control":"private,no-cache,no-store,max-age=0,must-revalidate","pragma":"no-cache","expires":"Thu, 01 Jan 1970 00:00:00 GMT","x-frame-options":"SAMEORIGIN","content-language":"en-US","strict-transport-security":"max-age=63072000"}

[debug] [2024-08-08 11:59:33] : Fetched user details successfully
[debug] [2024-08-08 11:59:33] : >>>> HTTP REQUEST : GET https://www.zohoapis.com/crm/v6/org 

[debug] [2024-08-08 11:59:34] : <<<< HTTP RESPONSE : 200
Response Headers{"server":"ZGS","date":"Thu, 08 Aug 2024 06:29:34 GMT","content-type":"application/json;charset=UTF-8","content-length":"1056","connection":"close","set-cookie":["zalb_1a99390653=d9f95bb5df27bd3e0983ea68c0da5a8d; Path=/","crmcsr=60b0acdc-392a-4cf5-8b38-abc78a12ff03;path=/;SameSite=None;Secure;priority=high","_zcsr_tmp=60b0acdc-392a-4cf5-8b38-abc78a12ff03;path=/;SameSite=Strict;Secure;priority=high"],"referrer-policy":"strict-origin","x-content-type-options":"nosniff","content-security-policy":"default-src 'none';frame-ancestors 'self'; report-uri https://logsapi.zoho.com/csplog?service=crm","x-xss-protection":"1; mode=block","cache-control":"no-store, no-cache, must-revalidate, private","pragma":"no-cache","expires":"Thu, 01 Jan 1970 00:00:00 GMT","x-frame-options":"SAMEORIGIN","x-accesstoken-reset":"2024-08-08T12:59:32+05:30","clientversion":"8865422","clientsubversion":"2d6b0d130439b6660b1b7b40bb21298f","content-disposition":"attachment; filename=response.json","vary":"accept-encoding","content-language":"en-US","strict-transport-security":"max-age=63072000"}

[debug] [2024-08-08 11:59:34] : Fetched org details successfully
[debug] [2024-08-08 11:59:34] : >>>> HTTP REQUEST : POST https://accounts.zoho.com/oauth/v2/token/revoke 
<request query param omitted>

[debug] [2024-08-08 11:59:35] : <<<< HTTP RESPONSE : 200
Response Headers{"server":"ZGS","date":"Thu, 08 Aug 2024 06:29:35 GMT","content-length":"20","connection":"close","set-cookie":["zalb_b266a5bf57=a7f15cb1555106de5ac96d088b72e7c8; Path=/","iamcsr=bd01a127-a992-4528-812b-7b107de1249e;path=/;SameSite=None;Secure;priority=high","_zcsr_tmp=bd01a127-a992-4528-812b-7b107de1249e;path=/;SameSite=Strict;Secure;priority=high"],"x-content-type-options":"nosniff","x-frame-options":"SAMEORIGIN","content-language":"en-US","strict-transport-security":"max-age=63072000"}

[debug] [2024-08-08 11:59:35] : Revoked token successfully
[info] [2024-08-08 11:59:35] : ✔ Success! Logged in as Visali S
[debug] [2024-08-08 11:59:35] : > refreshing access token <
[debug] [2024-08-08 11:59:35] : >>>> HTTP REQUEST : POST https://accounts.zoho.com/oauth/v2/token 
<request query param omitted>

[debug] [2024-08-08 11:59:36] : <<<< HTTP RESPONSE : 200
Response Headers{"server":"ZGS","date":"Thu, 08 Aug 2024 06:29:36 GMT","content-type":"application/json;charset=UTF-8","content-length":"372","connection":"close","set-cookie":["zalb_b266a5bf57=a711b6da0e6cbadb5e254290f114a026; Path=/","iamcsr=47c499f4-ad46-480b-a0bd-62a23e40e25d;path=/;SameSite=None;Secure;priority=high","_zcsr_tmp=47c499f4-ad46-480b-a0bd-62a23e40e25d;path=/;SameSite=Strict;Secure;priority=high"],"cache-control":"no-store","x-content-type-options":"nosniff","pragma":"no-cache","x-frame-options":"SAMEORIGIN","content-language":"en-US","strict-transport-security":"max-age=63072000"}

[debug] [2024-08-08 11:59:36] : >>>> HTTP REQUEST : GET https://www.zohoapis.com/crm/zdk/v6/init 

[debug] [2024-08-08 11:59:37] : <<<< HTTP RESPONSE : 200
Response Headers{"server":"ZGS","date":"Thu, 08 Aug 2024 06:29:37 GMT","content-type":"application/json;charset=UTF-8","content-length":"22","connection":"close","set-cookie":["zalb_1a99390653=e971ac9b8bc0886b07172d4aa3ed0bfb; Path=/","crmcsr=9b095169-4ad7-4e6d-af40-73ca52434a1b;path=/;SameSite=None;Secure;priority=high","_zcsr_tmp=9b095169-4ad7-4e6d-af40-73ca52434a1b;path=/;SameSite=Strict;Secure;priority=high"],"referrer-policy":"strict-origin","x-content-type-options":"nosniff","content-security-policy":"default-src 'none';frame-ancestors 'self'; report-uri https://logsapi.zoho.com/csplog?service=crm","x-xss-protection":"1; mode=block","cache-control":"no-store, no-cache, must-revalidate, private","pragma":"no-cache","expires":"Thu, 01 Jan 1970 00:00:00 GMT","x-frame-options":"SAMEORIGIN","x-accesstoken-reset":"2024-08-08T12:59:36+05:30","clientversion":"8865422","clientsubversion":"2d6b0d130439b6660b1b7b40bb21298f","content-disposition":"attachment; filename=response.json","content-language":"en-US","strict-transport-security":"max-age=63072000"}

[debug] [2024-08-08 11:59:37] : Org Already initialized
[debug] [2024-08-08 12:00:22] : >>>> HTTP REQUEST : POST https://www.zohoapis.com/crm/zdk/v6/pull 

[debug] [2024-08-08 12:00:23] : <<<< HTTP RESPONSE : 200
Response Headers{"server":"ZGS","date":"Thu, 08 Aug 2024 06:30:23 GMT","content-type":"application/zip;charset=UTF-8","content-length":"5067","connection":"close","set-cookie":["zalb_1a99390653=b3ca2b20212b8349d89b45b959e9475d; Path=/","crmcsr=2768a9bf-4e1b-43f7-a7de-11116a6a3848;path=/;SameSite=None;Secure;priority=high","_zcsr_tmp=2768a9bf-4e1b-43f7-a7de-11116a6a3848;path=/;SameSite=Strict;Secure;priority=high"],"referrer-policy":"strict-origin","x-content-type-options":"nosniff","content-security-policy":"default-src 'none';frame-ancestors 'self'; report-uri https://logsapi.zoho.com/csplog?service=crm","x-xss-protection":"1; mode=block","cache-control":"no-store, no-cache, must-revalidate, private","pragma":"no-cache","expires":"Thu, 01 Jan 1970 00:00:00 GMT","x-frame-options":"SAMEORIGIN","x-accesstoken-reset":"2024-08-08T12:59:36+05:30","clientversion":"8865422","clientsubversion":"2d6b0d130439b6660b1b7b40bb21298f","content-disposition":"attachment;filename=\"response.zip\"","content-language":"en-US","strict-transport-security":"max-age=63072000"}

[debug] [2024-08-08 12:00:23] : >>>> HTTP REQUEST : GET https://www.zohoapis.com/crm/v6/settings/widgets 

[debug] [2024-08-08 12:00:24] : <<<< HTTP RESPONSE : 200
Response Headers{"server":"ZGS","date":"Thu, 08 Aug 2024 06:30:24 GMT","content-type":"application/json;charset=UTF-8","content-length":"2615","connection":"close","set-cookie":["zalb_1a99390653=556102085feecb1ab1805cada1ab7fcb; Path=/","crmcsr=e4cb2f4e-51b5-4dfa-9d51-d7d080a0e501;path=/;SameSite=None;Secure;priority=high","_zcsr_tmp=e4cb2f4e-51b5-4dfa-9d51-d7d080a0e501;path=/;SameSite=Strict;Secure;priority=high"],"referrer-policy":"strict-origin","x-content-type-options":"nosniff","content-security-policy":"default-src 'none';frame-ancestors 'self'; report-uri https://logsapi.zoho.com/csplog?service=crm","x-xss-protection":"1; mode=block","cache-control":"no-store, no-cache, must-revalidate, private","pragma":"no-cache","expires":"Thu, 01 Jan 1970 00:00:00 GMT","x-frame-options":"SAMEORIGIN","x-accesstoken-reset":"2024-08-08T12:59:36+05:30","clientversion":"8865422","clientsubversion":"2d6b0d130439b6660b1b7b40bb21298f","content-disposition":"attachment; filename=response.json","vary":"accept-encoding","content-language":"en-US","strict-transport-security":"max-age=63072000"}

[info] [2024-08-08 12:00:24] : ✔ 
No conflicts are present
Try zdk org:pull:update
Use --help for more information
[debug] [2024-08-08 12:00:27] : Empty directory detected and deleted : /Users/visali-20043/Documents/release_items/zdk_cli_sample_repos/cli-samples/crm/meta/modules
[debug] [2024-08-08 12:00:27] : Empty directory detected and deleted : /Users/visali-20043/Documents/release_items/zdk_cli_sample_repos/cli-samples/crm/meta/widgets
[debug] [2024-08-08 12:00:27] : Empty directory detected and deleted : /Users/visali-20043/Documents/release_items/zdk_cli_sample_repos/cli-samples/crm/widgets
[info] [2024-08-08 12:00:27] : ✔ updated succesfully
